生成启动时间为 2015/9/20 20:36:17。
     1>项目“C:\Users\yangyq\Desktop\mytest\EvacuationSimulation\EvacuationSimulation\EvacuationSimulation.vcxproj”在节点 2 上(Build 个目标)。
     1>ClCompile:
         C:\Program Files (x86)\Microsoft Visual Studio 11.0\VC\bin\CL.exe /c /ZI /nologo /W3 /WX- /Od /Oy- /D _MBCS /Gm /EHsc /RTC1 /MDd /GS /fp:precise /Zc:wchar_t /Zc:forScope /Fo"Debug\\" /Fd"Debug\vc110.pdb" /Gd /TP /analyze- /errorReport:prompt Simulation.cpp
         Simulation.cpp
       Link:
         C:\Program Files (x86)\Microsoft Visual Studio 11.0\VC\bin\link.exe /ERRORREPORT:PROMPT /OUT:"C:\Users\yangyq\Desktop\mytest\EvacuationSimulation\Debug\EvacuationSimulation.exe" /INCREMENTAL /NOLOGO kernel32.lib user32.lib gdi32.lib winspool.lib comdlg32.lib advapi32.lib shell32.lib ole32.lib oleaut32.lib uuid.lib odbc32.lib odbccp32.lib /MANIFEST /MANIFESTUAC:"level='asInvoker' uiAccess='false'" /manifest:embed /DEBUG /PDB:"C:\Users\yangyq\Desktop\mytest\EvacuationSimulation\Debug\EvacuationSimulation.pdb" /TLBID:1 /DYNAMICBASE /NXCOMPAT /IMPLIB:"C:\Users\yangyq\Desktop\mytest\EvacuationSimulation\Debug\EvacuationSimulation.lib" /MACHINE:X86 Debug\Agent.obj
         Debug\Collide_RVO.obj
         Debug\Collide_SocialForce.obj
         Debug\CollisionAvoidance.obj
         Debug\Display.obj
         Debug\Door.obj
         Debug\DoorChoice.obj
         Debug\GlobalData.obj
         Debug\main.obj
         Debug\Neighbor.obj
         Debug\Obstacle.obj
         Debug\Route.obj
         Debug\Route_Potential.obj
         Debug\Simulation.obj
         Debug\Visible.obj
         EvacuationSimulation.vcxproj -> C:\Users\yangyq\Desktop\mytest\EvacuationSimulation\Debug\EvacuationSimulation.exe
     1>已完成生成项目“C:\Users\yangyq\Desktop\mytest\EvacuationSimulation\EvacuationSimulation\EvacuationSimulation.vcxproj”(Build 个目标)的操作。

生成成功。

已用时间 00:00:00.96
